0 info it worked if it ends with ok
1 verbose cli [ '/usr/local/bin/node', '/usr/local/bin/npm', 'publish' ]
2 info using npm@3.10.9
3 info using node@v7.1.0
4 verbose publish [ '.' ]
5 silly cache add args [ '.', null ]
6 verbose cache add spec .
7 silly cache add parsed spec Result {
7 silly cache add   raw: '.',
7 silly cache add   scope: null,
7 silly cache add   escapedName: null,
7 silly cache add   name: null,
7 silly cache add   rawSpec: '.',
7 silly cache add   spec: '/Users/todd/koa.test/node.todd/node_modules/wncbb-mongo-promise',
7 silly cache add   type: 'directory' }
8 verbose addLocalDirectory /Users/todd/.npm/wncbb-mongodb-promise/0.0.1/package.tgz not in flight; packing
9 verbose correctMkdir /Users/todd/.npm correctMkdir not in flight; initializing
10 info lifecycle wncbb-mongodb-promise@0.0.1~prepublish: wncbb-mongodb-promise@0.0.1
11 silly lifecycle wncbb-mongodb-promise@0.0.1~prepublish: no script for prepublish, continuing
12 verbose tar pack [ '/Users/todd/.npm/wncbb-mongodb-promise/0.0.1/package.tgz',
12 verbose tar pack   '/Users/todd/koa.test/node.todd/node_modules/wncbb-mongo-promise' ]
13 verbose tarball /Users/todd/.npm/wncbb-mongodb-promise/0.0.1/package.tgz
14 verbose folder /Users/todd/koa.test/node.todd/node_modules/wncbb-mongo-promise
15 verbose addLocalTarball adding from inside cache /Users/todd/.npm/wncbb-mongodb-promise/0.0.1/package.tgz
16 verbose correctMkdir /Users/todd/.npm correctMkdir not in flight; initializing
17 silly cache afterAdd wncbb-mongodb-promise@0.0.1
18 verbose afterAdd /Users/todd/.npm/wncbb-mongodb-promise/0.0.1/package/package.json not in flight; writing
19 verbose correctMkdir /Users/todd/.npm correctMkdir not in flight; initializing
20 verbose afterAdd /Users/todd/.npm/wncbb-mongodb-promise/0.0.1/package/package.json written
21 silly publish { name: 'wncbb-mongodb-promise',
21 silly publish   version: '0.0.1',
21 silly publish   description: 'promise wrapper for mongodb',
21 silly publish   main: 'lib/index.js',
21 silly publish   scripts: { test: 'echo "Error: no test specified" && exit 1' },
21 silly publish   author: '',
21 silly publish   license: 'ISC',
21 silly publish   readme: '# wncbb-mongo-promise\n\n自己用的，很垃圾\n',
21 silly publish   readmeFilename: 'readme.md',
21 silly publish   gitHead: '9df17487dee7952ce07795392e99166528b676ff',
21 silly publish   _id: 'wncbb-mongodb-promise@0.0.1',
21 silly publish   _shasum: '5e9abdfe2f6bd61e1b4bbac8f8f83a51e377e30d',
21 silly publish   _from: '.' }
22 verbose getPublishConfig undefined
23 silly mapToRegistry name wncbb-mongodb-promise
24 silly mapToRegistry using default registry
25 silly mapToRegistry registry http://r.cnpmjs.org/
26 silly mapToRegistry data Result {
26 silly mapToRegistry   raw: 'wncbb-mongodb-promise',
26 silly mapToRegistry   scope: null,
26 silly mapToRegistry   escapedName: 'wncbb-mongodb-promise',
26 silly mapToRegistry   name: 'wncbb-mongodb-promise',
26 silly mapToRegistry   rawSpec: '',
26 silly mapToRegistry   spec: 'latest',
26 silly mapToRegistry   type: 'tag' }
27 silly mapToRegistry uri http://r.cnpmjs.org/wncbb-mongodb-promise
28 verbose publish registryBase http://r.cnpmjs.org/
29 silly publish uploading /Users/todd/.npm/wncbb-mongodb-promise/0.0.1/package.tgz
30 verbose request uri http://r.cnpmjs.org/wncbb-mongodb-promise
31 verbose request sending authorization for write operation
32 info attempt registry request try #1 at 16:39:24
33 verbose request id ef7de1ee9e7fd390
34 http request PUT http://r.cnpmjs.org/wncbb-mongodb-promise
35 http 403 http://r.cnpmjs.org/wncbb-mongodb-promise
36 verbose headers { server: 'nginx/1.4.6 (Ubuntu)',
36 verbose headers   date: 'Thu, 18 May 2017 08:39:24 GMT',
36 verbose headers   'content-type': 'application/json; charset=utf-8',
36 verbose headers   'content-length': '87',
36 verbose headers   'x-current-requests': '1',
36 verbose headers   'x-readtime': '3',
36 verbose headers   'x-cache': 'MISS from ChangBa',
36 verbose headers   'x-cache-lookup': 'MISS from ChangBa:3129',
36 verbose headers   via: '1.1 ChangBa (squid/3.4.8)',
36 verbose headers   connection: 'keep-alive' }
37 verbose request invalidating /Users/todd/.npm/r.cnpmjs.org/wncbb-mongodb-promise on PUT
38 error publish Failed PUT 403
39 verbose stack Error: no_perms Private mode enable, only admin can publish this module: wncbb-mongodb-promise
39 verbose stack     at makeError (/usr/local/lib/node_modules/npm/node_modules/npm-registry-client/lib/request.js:302:12)
39 verbose stack     at CachingRegistryClient.<anonymous> (/usr/local/lib/node_modules/npm/node_modules/npm-registry-client/lib/request.js:290:14)
39 verbose stack     at Request._callback (/usr/local/lib/node_modules/npm/node_modules/npm-registry-client/lib/request.js:210:14)
39 verbose stack     at Request.self.callback (/usr/local/lib/node_modules/npm/node_modules/request/request.js:187:22)
39 verbose stack     at emitTwo (events.js:106:13)
39 verbose stack     at Request.emit (events.js:191:7)
39 verbose stack     at Request.<anonymous> (/usr/local/lib/node_modules/npm/node_modules/request/request.js:1048:10)
39 verbose stack     at emitOne (events.js:96:13)
39 verbose stack     at Request.emit (events.js:188:7)
39 verbose stack     at IncomingMessage.<anonymous> (/usr/local/lib/node_modules/npm/node_modules/request/request.js:969:12)
40 verbose statusCode 403
41 verbose pkgid wncbb-mongodb-promise
42 verbose cwd /Users/todd/koa.test/node.todd/node_modules/wncbb-mongo-promise
43 error Darwin 15.2.0
44 error argv "/usr/local/bin/node" "/usr/local/bin/npm" "publish"
45 error node v7.1.0
46 error npm  v3.10.9
47 error code E403
48 error no_perms Private mode enable, only admin can publish this module: wncbb-mongodb-promise
49 error If you need help, you may report this error at:
49 error     <https://github.com/npm/npm/issues>
50 verbose exit [ 1, true ]
